#1 [internal] load local bake definitions
#1 reading from stdin 567B done
#1 DONE 0.0s

#2 [internal] load build definition from Dockerfile
#2 transferring dockerfile: 1.16kB 0.0s done
#2 DONE 0.0s

#3 [internal] load metadata for docker.io/library/node:20-alpine
#3 DONE 0.5s

#4 [internal] load .dockerignore
#4 transferring context: 2B done
#4 DONE 0.0s

#5 [base 1/1] FROM docker.io/library/node:20-alpine@sha256:643e7036aa985317ebfee460005e322aa550c6b6883000d01daefb58689a58e2
#5 resolve docker.io/library/node:20-alpine@sha256:643e7036aa985317ebfee460005e322aa550c6b6883000d01daefb58689a58e2 0.0s done
#5 sha256:34226f5414967f183a8ba2d2a0bf2809b3864182e8f68c07c066fa83f025024a 0B / 1.26MB 0.1s
#5 sha256:643e7036aa985317ebfee460005e322aa550c6b6883000d01daefb58689a58e2 7.67kB / 7.67kB done
#5 sha256:fb140f51db2dfb99a12ea29ddc933a8719e46501de0295bed8c4c2824d1332cf 1.72kB / 1.72kB done
#5 sha256:9992b59c17bf27bd13e187f54112049f23f7da7b89343bee73963ae3d6a65fb9 6.52kB / 6.52kB done
#5 sha256:014e56e613968f73cce0858124ca5fbc601d7888099969a4eea69f31dcd71a53 0B / 3.86MB 0.1s
#5 sha256:34226f5414967f183a8ba2d2a0bf2809b3864182e8f68c07c066fa83f025024a 1.26MB / 1.26MB 0.2s
#5 sha256:014e56e613968f73cce0858124ca5fbc601d7888099969a4eea69f31dcd71a53 3.86MB / 3.86MB 0.2s done
#5 sha256:6ac8cc1f0b52065d2132d052abc59bf19e19ac0c65729d4300ab41db30fed855 0B / 446B 0.2s
#5 sha256:d28ab52fe4290429b930e8fa368da4da8a7e63cf143c38f9b869950a67c32645 0B / 42.78MB 0.2s
#5 extracting sha256:014e56e613968f73cce0858124ca5fbc601d7888099969a4eea69f31dcd71a53
#5 sha256:34226f5414967f183a8ba2d2a0bf2809b3864182e8f68c07c066fa83f025024a 1.26MB / 1.26MB 0.2s done
#5 sha256:6ac8cc1f0b52065d2132d052abc59bf19e19ac0c65729d4300ab41db30fed855 446B / 446B 0.2s done
#5 sha256:d28ab52fe4290429b930e8fa368da4da8a7e63cf143c38f9b869950a67c32645 7.34MB / 42.78MB 0.3s
#5 sha256:d28ab52fe4290429b930e8fa368da4da8a7e63cf143c38f9b869950a67c32645 24.12MB / 42.78MB 0.5s
#5 sha256:d28ab52fe4290429b930e8fa368da4da8a7e63cf143c38f9b869950a67c32645 28.31MB / 42.78MB 0.6s
#5 sha256:d28ab52fe4290429b930e8fa368da4da8a7e63cf143c38f9b869950a67c32645 35.71MB / 42.78MB 0.8s
#5 sha256:d28ab52fe4290429b930e8fa368da4da8a7e63cf143c38f9b869950a67c32645 39.09MB / 42.78MB 0.9s
#5 sha256:d28ab52fe4290429b930e8fa368da4da8a7e63cf143c38f9b869950a67c32645 42.78MB / 42.78MB 1.0s
#5 sha256:d28ab52fe4290429b930e8fa368da4da8a7e63cf143c38f9b869950a67c32645 42.78MB / 42.78MB 1.1s done
#5 extracting sha256:014e56e613968f73cce0858124ca5fbc601d7888099969a4eea69f31dcd71a53 0.9s done
#5 extracting sha256:d28ab52fe4290429b930e8fa368da4da8a7e63cf143c38f9b869950a67c32645
#5 extracting sha256:d28ab52fe4290429b930e8fa368da4da8a7e63cf143c38f9b869950a67c32645 5.3s
#5 extracting sha256:d28ab52fe4290429b930e8fa368da4da8a7e63cf143c38f9b869950a67c32645 5.7s done
#5 extracting sha256:34226f5414967f183a8ba2d2a0bf2809b3864182e8f68c07c066fa83f025024a
#5 extracting sha256:34226f5414967f183a8ba2d2a0bf2809b3864182e8f68c07c066fa83f025024a 0.3s done
#5 extracting sha256:6ac8cc1f0b52065d2132d052abc59bf19e19ac0c65729d4300ab41db30fed855 done
#5 DONE 8.1s

#6 [deps 1/4] RUN apk add --no-cache libc6-compat
#6 ...

#7 [builder 1/4] WORKDIR /app
#7 DONE 0.2s

#8 [internal] load build context
#8 transferring context: 323.60MB 8.4s
#8 transferring context: 499.51MB 13.4s
#8 ...

#9 [runner  2/10] RUN addgroup --system --gid 1001 nodejs
#9 DONE 7.5s

#8 [internal] load build context
#8 ...

#10 [runner  3/10] RUN adduser --system --uid 1001 nextjs
#10 ...

#6 [deps 1/4] RUN apk add --no-cache libc6-compat
#6 8.508 (1/3) Installing musl-obstack (1.2.3-r2)
#6 8.534 (2/3) Installing libucontext (1.3.3-r0)
#6 8.534 (3/3) Installing gcompat (1.1.0-r4)
#6 8.556 OK: 10 MiB in 21 packages
#6 DONE 8.8s

#8 [internal] load build context
#8 ...

#11 [deps 2/4] WORKDIR /app
#11 DONE 0.2s

#8 [internal] load build context
#8 ...

#10 [runner  3/10] RUN adduser --system --uid 1001 nextjs
#10 DONE 1.6s

#8 [internal] load build context
#8 transferring context: 681.70MB 18.5s
#8 transferring context: 874.32MB 23.7s
#8 transferring context: 1.02GB 28.4s done
#8 DONE 28.9s

#12 [deps 3/4] COPY package.json package-lock.json ./
#12 DONE 0.2s

#13 [deps 4/4] RUN npm ci
#13 21.02 
#13 21.02 added 221 packages, and audited 222 packages in 20s
#13 21.02 
#13 21.02 31 packages are looking for funding
#13 21.02   run `npm fund` for details
#13 21.03 
#13 21.03 1 high severity vulnerability
#13 21.03 
#13 21.03 To address all issues, run:
#13 21.03   npm audit fix
#13 21.03 
#13 21.03 Run `npm audit` for details.
#13 21.03 npm notice
#13 21.03 npm notice New major version of npm available! 10.8.2 -> 11.6.4
#13 21.03 npm notice Changelog: https://github.com/npm/cli/releases/tag/v11.6.4
#13 21.03 npm notice To update run: npm install -g npm@11.6.4
#13 21.03 npm notice
#13 DONE 22.0s

#14 [builder 2/4] COPY --from=deps /app/node_modules ./node_modules
#14 DONE 7.7s

#15 [builder 3/4] COPY . .
#15 DONE 30.1s

#16 [builder 4/4] RUN npm run build
#16 10.54 
#16 10.54 > luggage-storage-finder@2.0.0 build
#16 10.54 > next build
#16 10.54 
#16 12.37  ⚠ `eslint` configuration in next.config.ts is no longer supported. See more info here: https://nextjs.org/docs/app/api-reference/cli/next#next-lint-options
#16 12.39  ⚠ Invalid next.config.ts options detected: 
#16 12.40  ⚠     Unrecognized key(s) in object: 'eslint'
#16 12.40  ⚠ See more info here: https://nextjs.org/docs/messages/invalid-next-config
#16 12.53    ▲ Next.js 16.0.7 (Turbopack)
#16 12.53    - Environments: .env
#16 12.54 
#16 12.63    Creating an optimized production build ...
#16 53.37  ✓ Compiled successfully in 39.6s
#16 53.40    Skipping validation of types
#16 53.84    Collecting page data using 1 worker ...
#16 56.63    Generating static pages using 1 worker (0/43) ...
#16 58.25    Generating static pages using 1 worker (10/43) 
#16 58.36    Generating static pages using 1 worker (21/43) 
#16 58.55    Generating static pages using 1 worker (32/43) 
#16 59.06  ✓ Generating static pages using 1 worker (43/43) in 2.4s
#16 59.10    Finalizing page optimization ...
#16 60.45 
#16 60.46 Route (app)
#16 60.46 ┌ ○ /
#16 60.46 ├ ○ /_not-found
#16 60.46 ├ ○ /admin
#16 60.46 ├ ƒ /api/admin/access-logs
#16 60.46 ├ ƒ /api/admin/dashboard
#16 60.46 ├ ƒ /api/admin/login
#16 60.46 ├ ƒ /api/admin/migrate-users
#16 60.46 ├ ƒ /api/admin/reports
#16 60.46 ├ ƒ /api/admin/reports/[id]
#16 60.46 ├ ƒ /api/admin/storages
#16 60.46 ├ ƒ /api/admin/storages/[id]
#16 60.46 ├ ƒ /api/admin/storages/[id]/premium
#16 60.46 ├ ƒ /api/admin/storages/[id]/status
#16 60.46 ├ ƒ /api/admin/users
#16 60.46 ├ ƒ /api/admin/users/[id]
#16 60.46 ├ ƒ /api/analyze-image
#16 60.46 ├ ƒ /api/auth/forgot-password
#16 60.46 ├ ƒ /api/auth/login
#16 60.46 ├ ƒ /api/auth/register
#16 60.46 ├ ƒ /api/auth/reset-password
#16 60.46 ├ ƒ /api/auth/verify-code
#16 60.46 ├ ƒ /api/feedback
#16 60.46 ├ ƒ /api/honeypot
#16 60.46 ├ ƒ /api/maps/script
#16 60.46 ├ ƒ /api/mgmt-secure/access-logs
#16 60.46 ├ ƒ /api/news
#16 60.46 ├ ƒ /api/push/send
#16 60.46 ├ ƒ /api/push/send-test
#16 60.46 ├ ƒ /api/report
#16 60.46 ├ ƒ /api/report/edit
#16 60.46 ├ ƒ /api/storages
#16 60.46 ├ ƒ /api/storages/premium
#16 60.46 ├ ƒ /api/storages/recommend
#16 60.46 ├ ƒ /api/subscribe
#16 60.46 ├ ○ /mgmt-secure
#16 60.46 ├ ○ /mgmt-secure/access-logs
#16 60.46 ├ ○ /mgmt-secure/feedbacks
#16 60.46 ├ ○ /mgmt-secure/forgot-password
#16 60.46 ├ ○ /mgmt-secure/login
#16 60.46 ├ ○ /mgmt-secure/premium
#16 60.46 ├ ○ /mgmt-secure/reports
#16 60.46 ├ ○ /mgmt-secure/storages
#16 60.46 ├ ○ /mgmt-secure/users
#16 60.46 ├ ○ /news
#16 60.46 ├ ○ /news/hacker-typer
#16 60.46 └ ○ /test-push
#16 60.46 
#16 60.46 
#16 60.46 ○  (Static)   prerendered as static content
#16 60.46 ƒ  (Dynamic)  server-rendered on demand
#16 60.46 
#16 60.58 npm notice
#16 60.58 npm notice New major version of npm available! 10.8.2 -> 11.6.4
#16 60.58 npm notice Changelog: https://github.com/npm/cli/releases/tag/v11.6.4
#16 60.58 npm notice To update run: npm install -g npm@11.6.4
#16 60.58 npm notice
#16 DONE 60.8s

#17 [runner  4/10] COPY --from=builder /app/public ./public
#17 DONE 0.1s

#18 [runner  5/10] COPY --from=builder --chown=nextjs:nodejs /app/.next/standalone ./
#18 DONE 1.4s

#19 [runner  6/10] COPY --from=builder --chown=nextjs:nodejs /app/.next/static ./.next/static
#19 DONE 0.2s

#20 [runner  7/10] COPY --from=builder --chown=nextjs:nodejs /app/update-news.js ./update-news.js
#20 DONE 0.1s

#21 [runner  8/10] COPY --from=builder --chown=nextjs:nodejs /app/src/config ./src/config
#21 DONE 0.1s

#22 [runner  9/10] COPY --from=builder --chown=nextjs:nodejs /app/src/models ./src/models
#22 DONE 0.1s

#23 [runner 10/10] COPY --from=builder --chown=nextjs:nodejs /app/node_modules ./node_modules
#23 DONE 8.4s

#24 exporting to image
#24 exporting layers
#24 exporting layers 5.5s done
#24 writing image sha256:9098a4797c3c46d06fb7e42d826e3b319b9ec8eb3d72a0dc38a4e591f48a6c5d 0.0s done
#24 naming to docker.io/library/luggage-storage-finder_old-app 0.1s done
#24 DONE 5.7s

#25 resolving provenance for metadata file
#25 DONE 0.4s
 luggage-storage-finder_old-app  Built
