nohup: ignoring input

> luggage-storage-finder@2.0.0 start
> next start

   ▲ Next.js 16.0.7
   - Local:         http://localhost:3000
   - Network:       http://172.31.65.123:3000

 ✓ Starting...
 ⚠ `eslint` configuration in next.config.ts is no longer supported. See more info here: https://nextjs.org/docs/app/api-reference/cli/next#next-lint-options
 ⚠ Invalid next.config.ts options detected: 
 ⚠     Unrecognized key(s) in object: 'eslint'
 ⚠ See more info here: https://nextjs.org/docs/messages/invalid-next-config
 ⚠ "next start" does not work with "output: standalone" configuration. Use "node .next/standalone/server.js" instead.
 ✓ Ready in 9.1s
Error fetching storages: MongooseServerSelectionError: getaddrinfo EAI_AGAIN mongo
    at ignore-listed frames {
  errorLabelSet: Set(0) {},
  reason: [TopologyDescription],
  code: undefined,
  [cause]: [TopologyDescription]
}
Error fetching premium storages: MongooseServerSelectionError: getaddrinfo EAI_AGAIN mongo
    at ignore-listed frames {
  errorLabelSet: Set(0) {},
  reason: [TopologyDescription],
  code: undefined,
  [cause]: [TopologyDescription]
}
Error fetching premium storages: MongooseServerSelectionError: getaddrinfo EAI_AGAIN mongo
    at ignore-listed frames {
  errorLabelSet: Set(0) {},
  reason: [TopologyDescription],
  code: undefined,
  [cause]: [TopologyDescription]
}
Error fetching storages: MongooseServerSelectionError: getaddrinfo EAI_AGAIN mongo
    at ignore-listed frames {
  errorLabelSet: Set(0) {},
  reason: [TopologyDescription],
  code: undefined,
  [cause]: [TopologyDescription]
}
Error fetching storages: MongooseServerSelectionError: getaddrinfo EAI_AGAIN mongo
    at ignore-listed frames {
  errorLabelSet: Set(0) {},
  reason: [TopologyDescription],
  code: undefined,
  [cause]: [TopologyDescription]
}
 ⨯ Error: Could not find the module "/root/luggage-storage-finder_old/node_modules/next/dist/client/script.js#" in the React Client Manifest. This is probably a bug in the React Server Components bundler.
    at stringify (<anonymous>) {
  digest: '1052911533'
}
 ⨯ Error: Could not find the module "/root/luggage-storage-finder_old/node_modules/next/dist/client/script.js#" in the React Client Manifest. This is probably a bug in the React Server Components bundler.
    at stringify (<anonymous>) {
  digest: '1052911533'
}
 ⨯ Error: Could not find the module "/root/luggage-storage-finder_old/node_modules/next/dist/client/script.js#" in the React Client Manifest. This is probably a bug in the React Server Components bundler.
    at stringify (<anonymous>) {
  digest: '1052911533'
}
 ⨯ Error: Could not find the module "/root/luggage-storage-finder_old/node_modules/next/dist/client/script.js#" in the React Client Manifest. This is probably a bug in the React Server Components bundler.
    at stringify (<anonymous>) {
  digest: '1052911533'
}
 ⨯ Error: Could not find the module "/root/luggage-storage-finder_old/src/context/AuthContext.tsx#AuthProvider" in the React Client Manifest. This is probably a bug in the React Server Components bundler.
    at stringify (<anonymous>) {
  digest: '1356124525'
}
 ⨯ Error: Could not find the module "/root/luggage-storage-finder_old/src/components/PWAManager.tsx#default" in the React Client Manifest. This is probably a bug in the React Server Components bundler.
    at stringify (<anonymous>) {
  digest: '3917882861'
}
 ⨯ Error: Could not find the module "/root/luggage-storage-finder_old/src/components/layout/Header.tsx#default" in the React Client Manifest. This is probably a bug in the React Server Components bundler.
    at stringify (<anonymous>) {
  digest: '2277334701'
}
 ⨯ Error: Could not find the module "/root/luggage-storage-finder_old/node_modules/next/dist/client/components/layout-router.js#" in the React Client Manifest. This is probably a bug in the React Server Components bundler.
    at stringify (<anonymous>) {
  digest: '2246951085'
}
 ⨯ Error: Could not find the module "/root/luggage-storage-finder_old/node_modules/next/dist/client/components/render-from-template-context.js#" in the React Client Manifest. This is probably a bug in the React Server Components bundler.
    at stringify (<anonymous>) {
  digest: '4077768557'
}
 ⨯ Error: Could not find the module "/root/luggage-storage-finder_old/node_modules/next/dist/client/app-dir/link.js#" in the React Client Manifest. This is probably a bug in the React Server Components bundler.
    at stringify (<anonymous>) {
  digest: '2668636877'
}
 ⨯ Error: Could not find the module "/root/luggage-storage-finder_old/node_modules/next/dist/client/app-dir/link.js#" in the React Client Manifest. This is probably a bug in the React Server Components bundler.
    at stringify (<anonymous>) {
  digest: '2668636877'
}
 ⨯ Error: Could not find the module "/root/luggage-storage-finder_old/node_modules/next/dist/client/app-dir/link.js#" in the React Client Manifest. This is probably a bug in the React Server Components bundler.
    at stringify (<anonymous>) {
  digest: '2668636877'
}
 ⨯ Error: Could not find the module "/root/luggage-storage-finder_old/node_modules/next/dist/client/components/builtin/global-error.js#" in the React Client Manifest. This is probably a bug in the React Server Components bundler.
    at stringify (<anonymous>) {
  digest: '357624813'
}
 ⨯ Error: Could not find the module "/root/luggage-storage-finder_old/node_modules/next/dist/client/app-dir/link.js#" in the React Client Manifest. This is probably a bug in the React Server Components bundler.
    at stringify (<anonymous>) {
  digest: '1456517969'
}
 ⨯ Error: Could not find the module "/root/luggage-storage-finder_old/node_modules/next/dist/client/app-dir/link.js#" in the React Client Manifest. This is probably a bug in the React Server Components bundler.
    at stringify (<anonymous>) {
  digest: '1456517969'
}
 ⨯ Error: Could not find the module "/root/luggage-storage-finder_old/node_modules/next/dist/client/app-dir/link.js#" in the React Client Manifest. This is probably a bug in the React Server Components bundler.
    at stringify (<anonymous>) {
  digest: '1456517969'
}
 ⨯ Error: Could not find the module "/root/luggage-storage-finder_old/src/components/modals/GlobalModals.tsx#default" in the React Client Manifest. This is probably a bug in the React Server Components bundler.
    at stringify (<anonymous>) {
  digest: '2637662897'
}
 ⨯ Error: Could not find the module "/root/luggage-storage-finder_old/node_modules/next/dist/client/script.js#" in the React Client Manifest. This is probably a bug in the React Server Components bundler.
    at stringify (<anonymous>) {
  digest: '4147322929'
}
 ⨯ Error: Could not find the module "/root/luggage-storage-finder_old/node_modules/next/dist/client/components/client-page.js#ClientPageRoot" in the React Client Manifest. This is probably a bug in the React Server Components bundler.
    at stringify (<anonymous>) {
  digest: '1138264593'
}
 ⨯ Error: Could not find the module "/root/luggage-storage-finder_old/src/app/page.tsx#default" in the React Client Manifest. This is probably a bug in the React Server Components bundler.
    at stringify (<anonymous>) {
  digest: '963605565'
}
 ⨯ Error: Could not find the module "/root/luggage-storage-finder_old/node_modules/next/dist/lib/framework/boundary-components.js#OutletBoundary" in the React Client Manifest. This is probably a bug in the React Server Components bundler.
    at stringify (<anonymous>) {
  digest: '2654020337'
}
 ⨯ Error: Could not find the module "/root/luggage-storage-finder_old/node_modules/next/dist/lib/framework/boundary-components.js#ViewportBoundary" in the React Client Manifest. This is probably a bug in the React Server Components bundler.
    at stringify (<anonymous>) {
  digest: '1956736081'
}
 ⨯ Error: Could not find the module "/root/luggage-storage-finder_old/node_modules/next/dist/lib/framework/boundary-components.js#MetadataBoundary" in the React Client Manifest. This is probably a bug in the React Server Components bundler.
    at stringify (<anonymous>) {
  digest: '2903935345'
}
 ⨯ Error: Could not find the module "/root/luggage-storage-finder_old/node_modules/next/dist/lib/metadata/generate/icon-mark.js#IconMark" in the React Client Manifest. This is probably a bug in the React Server Components bundler.
    at stringify (<anonymous>) {
  digest: '2037122481'
}
 ⨯ Error: Could not find the module "/root/luggage-storage-finder_old/node_modules/next/dist/lib/framework/boundary-components.js#ViewportBoundary" in the React Client Manifest. This is probably a bug in the React Server Components bundler.
    at stringify (<anonymous>) {
  digest: '636771533'
}
 ⨯ Error: Could not find the module "/root/luggage-storage-finder_old/node_modules/next/dist/lib/framework/boundary-components.js#MetadataBoundary" in the React Client Manifest. This is probably a bug in the React Server Components bundler.
    at stringify (<anonymous>) {
  digest: '3082894317'
}
 ⨯ Error: Could not find the module "/root/luggage-storage-finder_old/node_modules/next/dist/client/components/builtin/global-error.js#" in the React Client Manifest. This is probably a bug in the React Server Components bundler.
    at stringify (<anonymous>) {
  digest: '357624813'
}
[Error: An error occurred in the Server Components render. The specific message is omitted in production builds to avoid leaking sensitive details. A digest property is included on this error instance which may provide additional details about the nature of the error.] {
  digest: '357624813'
}
[Error: An error occurred in the Server Components render. The specific message is omitted in production builds to avoid leaking sensitive details. A digest property is included on this error instance which may provide additional details about the nature of the error.] {
  digest: '357624813'
}
 ⨯ [Error: An error occurred in the Server Components render. The specific message is omitted in production builds to avoid leaking sensitive details. A digest property is included on this error instance which may provide additional details about the nature of the error.] {
  digest: '357624813'
}
 ⨯ Error: Could not find the module "/root/luggage-storage-finder_old/node_modules/next/dist/lib/metadata/generate/icon-mark.js#IconMark" in the React Client Manifest. This is probably a bug in the React Server Components bundler.
    at stringify (<anonymous>) {
  digest: '2037122481'
}
 ⨯ [Error: An error occurred in the Server Components render. The specific message is omitted in production builds to avoid leaking sensitive details. A digest property is included on this error instance which may provide additional details about the nature of the error.] {
  digest: '357624813'
}
 ⨯ Error: Failed to load static file for page: /500 ENOENT: no such file or directory, open '/root/luggage-storage-finder_old/.next/server/pages/500.html'
    at ignore-listed frames
Error fetching storages: MongooseServerSelectionError: getaddrinfo EAI_AGAIN mongo
    at ignore-listed frames {
  errorLabelSet: Set(0) {},
  reason: [TopologyDescription],
  code: undefined,
  [cause]: [TopologyDescription]
}
Error fetching premium storages: MongooseServerSelectionError: getaddrinfo EAI_AGAIN mongo
    at ignore-listed frames {
  errorLabelSet: Set(0) {},
  reason: [TopologyDescription],
  code: undefined,
  [cause]: [TopologyDescription]
}
Error fetching storages: MongooseServerSelectionError: getaddrinfo EAI_AGAIN mongo
    at ignore-listed frames {
  errorLabelSet: Set(0) {},
  reason: [TopologyDescription],
  code: undefined,
  [cause]: [TopologyDescription]
}
 ⨯ Error: Could not find the module "/root/luggage-storage-finder_old/node_modules/next/dist/client/script.js#" in the React Client Manifest. This is probably a bug in the React Server Components bundler.
    at stringify (<anonymous>) {
  digest: '1052911533'
}
 ⨯ Error: Could not find the module "/root/luggage-storage-finder_old/node_modules/next/dist/client/script.js#" in the React Client Manifest. This is probably a bug in the React Server Components bundler.
    at stringify (<anonymous>) {
  digest: '1052911533'
}
 ⨯ Error: Could not find the module "/root/luggage-storage-finder_old/node_modules/next/dist/client/script.js#" in the React Client Manifest. This is probably a bug in the React Server Components bundler.
    at stringify (<anonymous>) {
  digest: '1052911533'
}
 ⨯ Error: Could not find the module "/root/luggage-storage-finder_old/node_modules/next/dist/client/script.js#" in the React Client Manifest. This is probably a bug in the React Server Components bundler.
    at stringify (<anonymous>) {
  digest: '1052911533'
}
 ⨯ Error: Could not find the module "/root/luggage-storage-finder_old/src/context/AuthContext.tsx#AuthProvider" in the React Client Manifest. This is probably a bug in the React Server Components bundler.
    at stringify (<anonymous>) {
  digest: '1356124525'
}
 ⨯ Error: Could not find the module "/root/luggage-storage-finder_old/src/components/PWAManager.tsx#default" in the React Client Manifest. This is probably a bug in the React Server Components bundler.
    at stringify (<anonymous>) {
  digest: '3917882861'
}
 ⨯ Error: Could not find the module "/root/luggage-storage-finder_old/src/components/layout/Header.tsx#default" in the React Client Manifest. This is probably a bug in the React Server Components bundler.
    at stringify (<anonymous>) {
  digest: '2277334701'
}
 ⨯ Error: Could not find the module "/root/luggage-storage-finder_old/node_modules/next/dist/client/components/layout-router.js#" in the React Client Manifest. This is probably a bug in the React Server Components bundler.
    at stringify (<anonymous>) {
  digest: '2246951085'
}
 ⨯ Error: Could not find the module "/root/luggage-storage-finder_old/node_modules/next/dist/client/components/render-from-template-context.js#" in the React Client Manifest. This is probably a bug in the React Server Components bundler.
    at stringify (<anonymous>) {
  digest: '4077768557'
}
 ⨯ Error: Could not find the module "/root/luggage-storage-finder_old/node_modules/next/dist/client/app-dir/link.js#" in the React Client Manifest. This is probably a bug in the React Server Components bundler.
    at stringify (<anonymous>) {
  digest: '2668636877'
}
 ⨯ Error: Could not find the module "/root/luggage-storage-finder_old/node_modules/next/dist/client/app-dir/link.js#" in the React Client Manifest. This is probably a bug in the React Server Components bundler.
    at stringify (<anonymous>) {
  digest: '2668636877'
}
 ⨯ Error: Could not find the module "/root/luggage-storage-finder_old/node_modules/next/dist/client/app-dir/link.js#" in the React Client Manifest. This is probably a bug in the React Server Components bundler.
    at stringify (<anonymous>) {
  digest: '2668636877'
}
 ⨯ Error: Could not find the module "/root/luggage-storage-finder_old/node_modules/next/dist/client/components/builtin/global-error.js#" in the React Client Manifest. This is probably a bug in the React Server Components bundler.
    at stringify (<anonymous>) {
  digest: '357624813'
}
 ⨯ Error: Could not find the module "/root/luggage-storage-finder_old/node_modules/next/dist/client/app-dir/link.js#" in the React Client Manifest. This is probably a bug in the React Server Components bundler.
    at stringify (<anonymous>) {
  digest: '1456517969'
}
 ⨯ Error: Could not find the module "/root/luggage-storage-finder_old/node_modules/next/dist/client/app-dir/link.js#" in the React Client Manifest. This is probably a bug in the React Server Components bundler.
    at stringify (<anonymous>) {
  digest: '1456517969'
}
 ⨯ Error: Could not find the module "/root/luggage-storage-finder_old/node_modules/next/dist/client/app-dir/link.js#" in the React Client Manifest. This is probably a bug in the React Server Components bundler.
    at stringify (<anonymous>) {
  digest: '1456517969'
}
 ⨯ Error: Could not find the module "/root/luggage-storage-finder_old/src/components/modals/GlobalModals.tsx#default" in the React Client Manifest. This is probably a bug in the React Server Components bundler.
    at stringify (<anonymous>) {
  digest: '2637662897'
}
 ⨯ Error: Could not find the module "/root/luggage-storage-finder_old/node_modules/next/dist/client/script.js#" in the React Client Manifest. This is probably a bug in the React Server Components bundler.
    at stringify (<anonymous>) {
  digest: '4147322929'
}
 ⨯ Error: Could not find the module "/root/luggage-storage-finder_old/node_modules/next/dist/client/components/client-page.js#ClientPageRoot" in the React Client Manifest. This is probably a bug in the React Server Components bundler.
    at stringify (<anonymous>) {
  digest: '1138264593'
}
 ⨯ Error: Could not find the module "/root/luggage-storage-finder_old/src/app/page.tsx#default" in the React Client Manifest. This is probably a bug in the React Server Components bundler.
    at stringify (<anonymous>) {
  digest: '963605565'
}
 ⨯ Error: Could not find the module "/root/luggage-storage-finder_old/node_modules/next/dist/lib/framework/boundary-components.js#OutletBoundary" in the React Client Manifest. This is probably a bug in the React Server Components bundler.
    at stringify (<anonymous>) {
  digest: '2654020337'
}
 ⨯ Error: Could not find the module "/root/luggage-storage-finder_old/node_modules/next/dist/lib/framework/boundary-components.js#ViewportBoundary" in the React Client Manifest. This is probably a bug in the React Server Components bundler.
    at stringify (<anonymous>) {
  digest: '1956736081'
}
 ⨯ Error: Could not find the module "/root/luggage-storage-finder_old/node_modules/next/dist/lib/framework/boundary-components.js#MetadataBoundary" in the React Client Manifest. This is probably a bug in the React Server Components bundler.
    at stringify (<anonymous>) {
  digest: '2903935345'
}
 ⨯ Error: Could not find the module "/root/luggage-storage-finder_old/node_modules/next/dist/lib/metadata/generate/icon-mark.js#IconMark" in the React Client Manifest. This is probably a bug in the React Server Components bundler.
    at stringify (<anonymous>) {
  digest: '2037122481'
}
 ⨯ Error: Could not find the module "/root/luggage-storage-finder_old/node_modules/next/dist/lib/framework/boundary-components.js#ViewportBoundary" in the React Client Manifest. This is probably a bug in the React Server Components bundler.
    at stringify (<anonymous>) {
  digest: '636771533'
}
 ⨯ Error: Could not find the module "/root/luggage-storage-finder_old/node_modules/next/dist/lib/framework/boundary-components.js#MetadataBoundary" in the React Client Manifest. This is probably a bug in the React Server Components bundler.
    at stringify (<anonymous>) {
  digest: '3082894317'
}
 ⨯ Error: Could not find the module "/root/luggage-storage-finder_old/node_modules/next/dist/client/components/builtin/global-error.js#" in the React Client Manifest. This is probably a bug in the React Server Components bundler.
    at stringify (<anonymous>) {
  digest: '357624813'
}
[Error: An error occurred in the Server Components render. The specific message is omitted in production builds to avoid leaking sensitive details. A digest property is included on this error instance which may provide additional details about the nature of the error.] {
  digest: '357624813'
}
[Error: An error occurred in the Server Components render. The specific message is omitted in production builds to avoid leaking sensitive details. A digest property is included on this error instance which may provide additional details about the nature of the error.] {
  digest: '357624813'
}
 ⨯ [Error: An error occurred in the Server Components render. The specific message is omitted in production builds to avoid leaking sensitive details. A digest property is included on this error instance which may provide additional details about the nature of the error.] {
  digest: '357624813'
}
 ⨯ Error: Could not find the module "/root/luggage-storage-finder_old/node_modules/next/dist/lib/metadata/generate/icon-mark.js#IconMark" in the React Client Manifest. This is probably a bug in the React Server Components bundler.
    at stringify (<anonymous>) {
  digest: '2037122481'
}
 ⨯ [Error: An error occurred in the Server Components render. The specific message is omitted in production builds to avoid leaking sensitive details. A digest property is included on this error instance which may provide additional details about the nature of the error.] {
  digest: '357624813'
}
 ⨯ Error: Failed to load static file for page: /500 ENOENT: no such file or directory, open '/root/luggage-storage-finder_old/.next/server/pages/500.html'
    at ignore-listed frames
Error fetching storages: MongooseServerSelectionError: getaddrinfo EAI_AGAIN mongo
    at ignore-listed frames {
  errorLabelSet: Set(0) {},
  reason: [TopologyDescription],
  code: undefined,
  [cause]: [TopologyDescription]
}
Error fetching premium storages: MongooseServerSelectionError: getaddrinfo EAI_AGAIN mongo
    at ignore-listed frames {
  errorLabelSet: Set(0) {},
  reason: [TopologyDescription],
  code: undefined,
  [cause]: [TopologyDescription]
}
Error fetching storages: MongooseServerSelectionError: getaddrinfo EAI_AGAIN mongo
    at ignore-listed frames {
  errorLabelSet: Set(0) {},
  reason: [TopologyDescription],
  code: undefined,
  [cause]: [TopologyDescription]
}
 ⨯ Error: Could not find the module "/root/luggage-storage-finder_old/node_modules/next/dist/client/script.js#" in the React Client Manifest. This is probably a bug in the React Server Components bundler.
    at stringify (<anonymous>) {
  digest: '1052911533'
}
 ⨯ Error: Could not find the module "/root/luggage-storage-finder_old/node_modules/next/dist/client/script.js#" in the React Client Manifest. This is probably a bug in the React Server Components bundler.
    at stringify (<anonymous>) {
  digest: '1052911533'
}
 ⨯ Error: Could not find the module "/root/luggage-storage-finder_old/node_modules/next/dist/client/script.js#" in the React Client Manifest. This is probably a bug in the React Server Components bundler.
    at stringify (<anonymous>) {
  digest: '1052911533'
}
 ⨯ Error: Could not find the module "/root/luggage-storage-finder_old/node_modules/next/dist/client/script.js#" in the React Client Manifest. This is probably a bug in the React Server Components bundler.
    at stringify (<anonymous>) {
  digest: '1052911533'
}
 ⨯ Error: Could not find the module "/root/luggage-storage-finder_old/src/context/AuthContext.tsx#AuthProvider" in the React Client Manifest. This is probably a bug in the React Server Components bundler.
    at stringify (<anonymous>) {
  digest: '1356124525'
}
 ⨯ Error: Could not find the module "/root/luggage-storage-finder_old/src/components/PWAManager.tsx#default" in the React Client Manifest. This is probably a bug in the React Server Components bundler.
    at stringify (<anonymous>) {
  digest: '3917882861'
}
 ⨯ Error: Could not find the module "/root/luggage-storage-finder_old/src/components/layout/Header.tsx#default" in the React Client Manifest. This is probably a bug in the React Server Components bundler.
    at stringify (<anonymous>) {
  digest: '2277334701'
}
 ⨯ Error: Could not find the module "/root/luggage-storage-finder_old/node_modules/next/dist/client/components/layout-router.js#" in the React Client Manifest. This is probably a bug in the React Server Components bundler.
    at stringify (<anonymous>) {
  digest: '2246951085'
}
 ⨯ Error: Could not find the module "/root/luggage-storage-finder_old/node_modules/next/dist/client/components/render-from-template-context.js#" in the React Client Manifest. This is probably a bug in the React Server Components bundler.
    at stringify (<anonymous>) {
  digest: '4077768557'
}
 ⨯ Error: Could not find the module "/root/luggage-storage-finder_old/node_modules/next/dist/client/app-dir/link.js#" in the React Client Manifest. This is probably a bug in the React Server Components bundler.
    at stringify (<anonymous>) {
  digest: '2668636877'
}
 ⨯ Error: Could not find the module "/root/luggage-storage-finder_old/node_modules/next/dist/client/app-dir/link.js#" in the React Client Manifest. This is probably a bug in the React Server Components bundler.
    at stringify (<anonymous>) {
  digest: '2668636877'
}
 ⨯ Error: Could not find the module "/root/luggage-storage-finder_old/node_modules/next/dist/client/app-dir/link.js#" in the React Client Manifest. This is probably a bug in the React Server Components bundler.
    at stringify (<anonymous>) {
  digest: '2668636877'
}
 ⨯ Error: Could not find the module "/root/luggage-storage-finder_old/node_modules/next/dist/client/components/builtin/global-error.js#" in the React Client Manifest. This is probably a bug in the React Server Components bundler.
    at stringify (<anonymous>) {
  digest: '357624813'
}
 ⨯ Error: Could not find the module "/root/luggage-storage-finder_old/node_modules/next/dist/client/app-dir/link.js#" in the React Client Manifest. This is probably a bug in the React Server Components bundler.
    at stringify (<anonymous>) {
  digest: '1456517969'
}
 ⨯ Error: Could not find the module "/root/luggage-storage-finder_old/node_modules/next/dist/client/app-dir/link.js#" in the React Client Manifest. This is probably a bug in the React Server Components bundler.
    at stringify (<anonymous>) {
  digest: '1456517969'
}
 ⨯ Error: Could not find the module "/root/luggage-storage-finder_old/node_modules/next/dist/client/app-dir/link.js#" in the React Client Manifest. This is probably a bug in the React Server Components bundler.
    at stringify (<anonymous>) {
  digest: '1456517969'
}
 ⨯ Error: Could not find the module "/root/luggage-storage-finder_old/src/components/modals/GlobalModals.tsx#default" in the React Client Manifest. This is probably a bug in the React Server Components bundler.
    at stringify (<anonymous>) {
  digest: '2637662897'
}
 ⨯ Error: Could not find the module "/root/luggage-storage-finder_old/node_modules/next/dist/client/script.js#" in the React Client Manifest. This is probably a bug in the React Server Components bundler.
    at stringify (<anonymous>) {
  digest: '4147322929'
}
 ⨯ Error: Could not find the module "/root/luggage-storage-finder_old/node_modules/next/dist/client/components/client-page.js#ClientPageRoot" in the React Client Manifest. This is probably a bug in the React Server Components bundler.
    at stringify (<anonymous>) {
  digest: '1138264593'
}
 ⨯ Error: Could not find the module "/root/luggage-storage-finder_old/src/app/page.tsx#default" in the React Client Manifest. This is probably a bug in the React Server Components bundler.
    at stringify (<anonymous>) {
  digest: '963605565'
}
 ⨯ Error: Could not find the module "/root/luggage-storage-finder_old/node_modules/next/dist/lib/framework/boundary-components.js#OutletBoundary" in the React Client Manifest. This is probably a bug in the React Server Components bundler.
    at stringify (<anonymous>) {
  digest: '2654020337'
}
 ⨯ Error: Could not find the module "/root/luggage-storage-finder_old/node_modules/next/dist/lib/framework/boundary-components.js#ViewportBoundary" in the React Client Manifest. This is probably a bug in the React Server Components bundler.
    at stringify (<anonymous>) {
  digest: '1956736081'
}
 ⨯ Error: Could not find the module "/root/luggage-storage-finder_old/node_modules/next/dist/lib/framework/boundary-components.js#MetadataBoundary" in the React Client Manifest. This is probably a bug in the React Server Components bundler.
    at stringify (<anonymous>) {
  digest: '2903935345'
}
 ⨯ Error: Could not find the module "/root/luggage-storage-finder_old/node_modules/next/dist/lib/metadata/generate/icon-mark.js#IconMark" in the React Client Manifest. This is probably a bug in the React Server Components bundler.
    at stringify (<anonymous>) {
  digest: '2037122481'
}
 ⨯ Error: Could not find the module "/root/luggage-storage-finder_old/node_modules/next/dist/lib/framework/boundary-components.js#ViewportBoundary" in the React Client Manifest. This is probably a bug in the React Server Components bundler.
    at stringify (<anonymous>) {
  digest: '636771533'
}
 ⨯ Error: Could not find the module "/root/luggage-storage-finder_old/node_modules/next/dist/lib/framework/boundary-components.js#MetadataBoundary" in the React Client Manifest. This is probably a bug in the React Server Components bundler.
    at stringify (<anonymous>) {
  digest: '3082894317'
}
 ⨯ Error: Could not find the module "/root/luggage-storage-finder_old/node_modules/next/dist/client/components/builtin/global-error.js#" in the React Client Manifest. This is probably a bug in the React Server Components bundler.
    at stringify (<anonymous>) {
  digest: '357624813'
}
[Error: An error occurred in the Server Components render. The specific message is omitted in production builds to avoid leaking sensitive details. A digest property is included on this error instance which may provide additional details about the nature of the error.] {
  digest: '357624813'
}
[Error: An error occurred in the Server Components render. The specific message is omitted in production builds to avoid leaking sensitive details. A digest property is included on this error instance which may provide additional details about the nature of the error.] {
  digest: '357624813'
}
 ⨯ [Error: An error occurred in the Server Components render. The specific message is omitted in production builds to avoid leaking sensitive details. A digest property is included on this error instance which may provide additional details about the nature of the error.] {
  digest: '357624813'
}
 ⨯ Error: Could not find the module "/root/luggage-storage-finder_old/node_modules/next/dist/lib/metadata/generate/icon-mark.js#IconMark" in the React Client Manifest. This is probably a bug in the React Server Components bundler.
    at stringify (<anonymous>) {
  digest: '2037122481'
}
 ⨯ [Error: An error occurred in the Server Components render. The specific message is omitted in production builds to avoid leaking sensitive details. A digest property is included on this error instance which may provide additional details about the nature of the error.] {
  digest: '357624813'
}
 ⨯ Error: Failed to load static file for page: /500 ENOENT: no such file or directory, open '/root/luggage-storage-finder_old/.next/server/pages/500.html'
    at ignore-listed frames
Error fetching storages: MongooseServerSelectionError: getaddrinfo EAI_AGAIN mongo
    at ignore-listed frames {
  errorLabelSet: Set(0) {},
  reason: [TopologyDescription],
  code: undefined,
  [cause]: [TopologyDescription]
}
Error fetching premium storages: MongooseServerSelectionError: getaddrinfo EAI_AGAIN mongo
    at ignore-listed frames {
  errorLabelSet: Set(0) {},
  reason: [TopologyDescription],
  code: undefined,
  [cause]: [TopologyDescription]
}
Error fetching storages: MongooseServerSelectionError: getaddrinfo EAI_AGAIN mongo
    at ignore-listed frames {
  errorLabelSet: Set(0) {},
  reason: [TopologyDescription],
  code: undefined,
  [cause]: [TopologyDescription]
}
Error fetching premium storages: MongooseServerSelectionError: getaddrinfo EAI_AGAIN mongo
    at ignore-listed frames {
  errorLabelSet: Set(0) {},
  reason: [TopologyDescription],
  code: undefined,
  [cause]: [TopologyDescription]
}
Error fetching storages: MongooseServerSelectionError: getaddrinfo EAI_AGAIN mongo
    at ignore-listed frames {
  errorLabelSet: Set(0) {},
  reason: [TopologyDescription],
  code: undefined,
  [cause]: [TopologyDescription]
}
Killed
